-------------------------------------------------------------------------------
Test set: co.edu.poli.examen2_Castro.tests.integracion.TestDAOInmueble
-------------------------------------------------------------------------------
Tests run: 3, Failures: 0, Errors: 2, Skipped: 0, Time elapsed: 0.594 s <<< FAILURE! -- in co.edu.poli.examen2_Castro.tests.integracion.TestDAOInmueble
co.edu.poli.examen2_Castro.tests.integracion.TestDAOInmueble.create_casa_y_readone -- Time elapsed: 0.529 s <<< ERROR!
java.sql.SQLIntegrityConstraintViolationException: Cannot add or update a child row: a foreign key constraint fails (`examen2_castro`.`inmueble`, CONSTRAINT `inmueble_ibfk_1` FOREIGN KEY (`propietario_id`) REFERENCES `propietario` (`id`))
	at com.mysql.cj.jdbc.exceptions.SQLError.createSQLException(SQLError.java:109)
	at com.mysql.cj.jdbc.exceptions.SQLExceptionsMapping.translateException(SQLExceptionsMapping.java:113)
	at com.mysql.cj.jdbc.ClientPreparedStatement.executeInternal(ClientPreparedStatement.java:938)
	at com.mysql.cj.jdbc.ClientPreparedStatement.executeUpdateInternal(ClientPreparedStatement.java:1106)
	at com.mysql.cj.jdbc.ClientPreparedStatement.executeUpdateInternal(ClientPreparedStatement.java:1045)
	at com.mysql.cj.jdbc.ClientPreparedStatement.executeLargeUpdate(ClientPreparedStatement.java:1369)
	at com.mysql.cj.jdbc.ClientPreparedStatement.executeUpdate(ClientPreparedStatement.java:1030)
	at co.edu.poli.examen2_Castro/co.edu.poli.examen2_Castro.servicios.DAOInmueble.create(DAOInmueble.java:28)
	at co.edu.poli.examen2_Castro/co.edu.poli.examen2_Castro.tests.integracion.TestDAOInmueble.create_casa_y_readone(TestDAOInmueble.java:59)
	at java.base/java.lang.reflect.Method.invoke(Method.java:580)
	at java.base/java.util.ArrayList.forEach(ArrayList.java:1596)
	at java.base/java.util.ArrayList.forEach(ArrayList.java:1596)

co.edu.poli.examen2_Castro.tests.integracion.TestDAOInmueble.create_apartamento_y_readone -- Time elapsed: 0.004 s <<< ERROR!
java.sql.SQLIntegrityConstraintViolationException: Cannot add or update a child row: a foreign key constraint fails (`examen2_castro`.`inmueble`, CONSTRAINT `inmueble_ibfk_1` FOREIGN KEY (`propietario_id`) REFERENCES `propietario` (`id`))
	at com.mysql.cj.jdbc.exceptions.SQLError.createSQLException(SQLError.java:109)
	at com.mysql.cj.jdbc.exceptions.SQLExceptionsMapping.translateException(SQLExceptionsMapping.java:113)
	at com.mysql.cj.jdbc.ClientPreparedStatement.executeInternal(ClientPreparedStatement.java:938)
	at com.mysql.cj.jdbc.ClientPreparedStatement.executeUpdateInternal(ClientPreparedStatement.java:1106)
	at com.mysql.cj.jdbc.ClientPreparedStatement.executeUpdateInternal(ClientPreparedStatement.java:1045)
	at com.mysql.cj.jdbc.ClientPreparedStatement.executeLargeUpdate(ClientPreparedStatement.java:1369)
	at com.mysql.cj.jdbc.ClientPreparedStatement.executeUpdate(ClientPreparedStatement.java:1030)
	at co.edu.poli.examen2_Castro/co.edu.poli.examen2_Castro.servicios.DAOInmueble.create(DAOInmueble.java:28)
	at co.edu.poli.examen2_Castro/co.edu.poli.examen2_Castro.tests.integracion.TestDAOInmueble.create_apartamento_y_readone(TestDAOInmueble.java:31)
	at java.base/java.lang.reflect.Method.invoke(Method.java:580)
	at java.base/java.util.ArrayList.forEach(ArrayList.java:1596)
	at java.base/java.util.ArrayList.forEach(ArrayList.java:1596)

