<?xml version="1.0" encoding="UTF-8"?>
<testsuite xmlns:xsi="http://www.w3.org/2001/XMLSchema-instance" xsi:noNamespaceSchemaLocation="https://maven.apache.org/surefire/maven-surefire-plugin/xsd/surefire-test-report-3.0.xsd" version="3.0" name="co.edu.poli.examen2_Soto.tests.integracion.TestDAOTitular" time="0.035" tests="3" errors="3" skipped="0" failures="0">
  <properties>
[...]
</properties>
  <testcase name="readAll_objetosValidos" classname="co.edu.poli.examen2_Soto.tests.integracion.TestDAOTitular" time="0.011">
    <error message="Access denied for user &apos;root&apos;@&apos;localhost&apos; (using password: YES)" type="java.sql.SQLException"><![CDATA[java.sql.SQLException: Access denied for user 'root'@'localhost' (using password: YES)
	at com.mysql.cj.jdbc.exceptions.SQLError.createSQLException(SQLError.java:121)
	at com.mysql.cj.jdbc.exceptions.SQLExceptionsMapping.translateException(SQLExceptionsMapping.java:113)
	at com.mysql.cj.jdbc.ConnectionImpl.createNewIO(ConnectionImpl.java:861)
	at com.mysql.cj.jdbc.ConnectionImpl.<init>(ConnectionImpl.java:449)
	at com.mysql.cj.jdbc.ConnectionImpl.getInstance(ConnectionImpl.java:234)
	at com.mysql.cj.jdbc.NonRegisteringDriver.connect(NonRegisteringDriver.java:180)
	at java.sql/java.sql.DriverManager.getConnection(DriverManager.java:683)
	at java.sql/java.sql.DriverManager.getConnection(DriverManager.java:230)
	at co.edu.poli.examen2_Soto/co.edu.poli.examen2_Soto.servicios.ConexionBD.<init>(ConexionBD.java:26)
	at co.edu.poli.examen2_Soto/co.edu.poli.examen2_Soto.servicios.ConexionBD.getInstancia(ConexionBD.java:31)
	at co.edu.poli.examen2_Soto/co.edu.poli.examen2_Soto.servicios.DAOTitular.readall(DAOTitular.java:26)
	at co.edu.poli.examen2_Soto/co.edu.poli.examen2_Soto.tests.integracion.TestDAOTitular.readAll_objetosValidos(TestDAOTitular.java:39)
	at java.base/java.lang.reflect.Method.invoke(Method.java:580)
	at java.base/java.util.ArrayList.forEach(ArrayList.java:1596)
	at java.base/java.util.ArrayList.forEach(ArrayList.java:1596)
]]></error>
  </testcase>
  <testcase name="readAll_noDebeRetornarNull" classname="co.edu.poli.examen2_Soto.tests.integracion.TestDAOTitular" time="0.01">
    <error message="Access denied for user &apos;root&apos;@&apos;localhost&apos; (using password: YES)" type="java.sql.SQLException"><![CDATA[java.sql.SQLException: Access denied for user 'root'@'localhost' (using password: YES)
	at com.mysql.cj.jdbc.exceptions.SQLError.createSQLException(SQLError.java:121)
	at com.mysql.cj.jdbc.exceptions.SQLExceptionsMapping.translateException(SQLExceptionsMapping.java:113)
	at com.mysql.cj.jdbc.ConnectionImpl.createNewIO(ConnectionImpl.java:861)
	at com.mysql.cj.jdbc.ConnectionImpl.<init>(ConnectionImpl.java:449)
	at com.mysql.cj.jdbc.ConnectionImpl.getInstance(ConnectionImpl.java:234)
	at com.mysql.cj.jdbc.NonRegisteringDriver.connect(NonRegisteringDriver.java:180)
	at java.sql/java.sql.DriverManager.getConnection(DriverManager.java:683)
	at java.sql/java.sql.DriverManager.getConnection(DriverManager.java:230)
	at co.edu.poli.examen2_Soto/co.edu.poli.examen2_Soto.servicios.ConexionBD.<init>(ConexionBD.java:26)
	at co.edu.poli.examen2_Soto/co.edu.poli.examen2_Soto.servicios.ConexionBD.getInstancia(ConexionBD.java:31)
	at co.edu.poli.examen2_Soto/co.edu.poli.examen2_Soto.servicios.DAOTitular.readall(DAOTitular.java:26)
	at co.edu.poli.examen2_Soto/co.edu.poli.examen2_Soto.tests.integracion.TestDAOTitular.readAll_noDebeRetornarNull(TestDAOTitular.java:19)
	at java.base/java.lang.reflect.Method.invoke(Method.java:580)
	at java.base/java.util.ArrayList.forEach(ArrayList.java:1596)
	at java.base/java.util.ArrayList.forEach(ArrayList.java:1596)
]]></error>
  </testcase>
  <testcase name="readAll_listaInicializada" classname="co.edu.poli.examen2_Soto.tests.integracion.TestDAOTitular" time="0.01">
    <error message="Access denied for user &apos;root&apos;@&apos;localhost&apos; (using password: YES)" type="java.sql.SQLException"><![CDATA[java.sql.SQLException: Access denied for user 'root'@'localhost' (using password: YES)
	at com.mysql.cj.jdbc.exceptions.SQLError.createSQLException(SQLError.java:121)
	at com.mysql.cj.jdbc.exceptions.SQLExceptionsMapping.translateException(SQLExceptionsMapping.java:113)
	at com.mysql.cj.jdbc.ConnectionImpl.createNewIO(ConnectionImpl.java:861)
	at com.mysql.cj.jdbc.ConnectionImpl.<init>(ConnectionImpl.java:449)
	at com.mysql.cj.jdbc.ConnectionImpl.getInstance(ConnectionImpl.java:234)
	at com.mysql.cj.jdbc.NonRegisteringDriver.connect(NonRegisteringDriver.java:180)
	at java.sql/java.sql.DriverManager.getConnection(DriverManager.java:683)
	at java.sql/java.sql.DriverManager.getConnection(DriverManager.java:230)
	at co.edu.poli.examen2_Soto/co.edu.poli.examen2_Soto.servicios.ConexionBD.<init>(ConexionBD.java:26)
	at co.edu.poli.examen2_Soto/co.edu.poli.examen2_Soto.servicios.ConexionBD.getInstancia(ConexionBD.java:31)
	at co.edu.poli.examen2_Soto/co.edu.poli.examen2_Soto.servicios.DAOTitular.readall(DAOTitular.java:26)
	at co.edu.poli.examen2_Soto/co.edu.poli.examen2_Soto.tests.integracion.TestDAOTitular.readAll_listaInicializada(TestDAOTitular.java:29)
	at java.base/java.lang.reflect.Method.invoke(Method.java:580)
	at java.base/java.util.ArrayList.forEach(ArrayList.java:1596)
	at java.base/java.util.ArrayList.forEach(ArrayList.java:1596)
]]></error>
  </testcase>
</testsuite>